[2017-08-22 15:05:54.785] [WARN] logInfo - GET/
[2017-08-22 15:05:54.928] [WARN] logInfo - GET/stylesheets/bootstrap.css
[2017-08-22 15:05:54.999] [WARN] logInfo - GET/stylesheets/bootstrap-theme.css
[2017-08-22 15:05:55.006] [WARN] logInfo - GET/stylesheets/style.css
[2017-08-22 15:05:55.052] [WARN] logInfo - GET/javascripts/jquery-3.2.1.js
[2017-08-22 15:05:55.055] [WARN] logInfo - GET/javascripts/bootstrap.js
[2017-08-22 15:06:37.929] [WARN] logInfo - GET/
[2017-08-22 15:06:38.114] [WARN] logInfo - GET/stylesheets/bootstrap.css
[2017-08-22 15:06:38.158] [WARN] logInfo - GET/stylesheets/bootstrap-theme.css
[2017-08-22 15:06:38.162] [WARN] logInfo - GET/stylesheets/style.css
[2017-08-22 15:06:38.175] [WARN] logInfo - GET/javascripts/jquery-3.2.1.js
[2017-08-22 15:06:38.176] [WARN] logInfo - GET/javascripts/bootstrap.js
[2017-08-22 15:16:24.117] [ERROR] logErr - This is a index page~
[2017-08-22 15:16:24.254] [WARN] logInfo - GET/
[2017-08-22 15:16:24.324] [WARN] logInfo - GET/stylesheets/bootstrap.css
[2017-08-22 15:16:24.328] [WARN] logInfo - GET/stylesheets/bootstrap-theme.css
[2017-08-22 15:16:24.369] [WARN] logInfo - GET/stylesheets/style.css
[2017-08-22 15:16:24.371] [WARN] logInfo - GET/javascripts/jquery-3.2.1.js
[2017-08-22 15:16:24.373] [WARN] logInfo - GET/javascripts/bootstrap.js
[2017-08-22 15:18:22.300] [ERROR] logErr - This is a index page~
[2017-08-22 15:18:22.405] [WARN] logWarn - GET/
[2017-08-22 15:18:22.486] [WARN] logWarn - GET/stylesheets/bootstrap.css
[2017-08-22 15:18:22.488] [WARN] logWarn - GET/stylesheets/bootstrap-theme.css
[2017-08-22 15:18:22.490] [WARN] logWarn - GET/stylesheets/style.css
[2017-08-22 15:18:22.491] [WARN] logWarn - GET/javascripts/jquery-3.2.1.js
[2017-08-22 15:18:22.492] [WARN] logWarn - GET/javascripts/bootstrap.js
[2017-08-22 15:20:14.527] [ERROR] logErr - This is a index page~
[2017-08-22 15:20:14.606] [WARN] logInfo - GET/
[2017-08-22 15:20:14.688] [WARN] logInfo - GET/stylesheets/bootstrap.css
[2017-08-22 15:20:14.736] [WARN] logInfo - GET/stylesheets/bootstrap-theme.css
[2017-08-22 15:20:14.737] [WARN] logInfo - GET/stylesheets/style.css
[2017-08-22 15:20:14.738] [WARN] logInfo - GET/javascripts/jquery-3.2.1.js
[2017-08-22 15:20:14.740] [WARN] logInfo - GET/javascripts/bootstrap.js
[2017-08-22 15:23:20.967] [WARN] logInfo - GET/
[2017-08-22 15:23:21.051] [WARN] logInfo - GET/stylesheets/bootstrap.css
[2017-08-22 15:23:21.054] [WARN] logInfo - GET/stylesheets/bootstrap-theme.css
[2017-08-22 15:23:21.055] [WARN] logInfo - GET/stylesheets/style.css
[2017-08-22 15:23:21.097] [WARN] logInfo - GET/javascripts/jquery-3.2.1.js
[2017-08-22 15:23:21.098] [WARN] logInfo - GET/javascripts/bootstrap.js
[2017-08-22 15:23:26.693] [WARN] logInfo - GET/login
[2017-08-22 15:23:26.843] [WARN] logInfo - GET/stylesheets/bootstrap.css
[2017-08-22 15:23:26.848] [WARN] logInfo - GET/stylesheets/bootstrap-theme.css
[2017-08-22 15:23:26.850] [WARN] logInfo - GET/stylesheets/style.css
[2017-08-22 15:23:26.909] [WARN] logInfo - GET/javascripts/jquery-3.2.1.js
[2017-08-22 15:23:26.911] [WARN] logInfo - GET/javascripts/bootstrap.js
[2017-08-22 15:23:37.510] [WARN] logInfo - POST/login
[2017-08-22 15:23:37.755] [WARN] logInfo - GET/
[2017-08-22 15:23:37.806] [WARN] logInfo - GET/stylesheets/bootstrap.css
[2017-08-22 15:23:37.807] [WARN] logInfo - GET/stylesheets/bootstrap-theme.css
[2017-08-22 15:23:37.809] [WARN] logInfo - GET/stylesheets/style.css
[2017-08-22 15:23:37.811] [WARN] logInfo - GET/javascripts/jquery-3.2.1.js
[2017-08-22 15:23:37.813] [WARN] logInfo - GET/javascripts/bootstrap.js
[2017-08-22 15:23:38.400] [WARN] logInfo - GET/fonts/glyphicons-halflings-regular.woff2
[2017-08-22 15:23:38.693] [WARN] logInfo - GET/fonts/glyphicons-halflings-regular.woff
[2017-08-22 15:23:38.786] [WARN] logInfo - GET/fonts/glyphicons-halflings-regular.ttf
[2017-08-22 15:24:06.034] [WARN] logInfo - POST/post
[2017-08-22 15:24:06.256] [WARN] logInfo - GET/u/lishm
[2017-08-22 15:24:06.325] [WARN] logInfo - GET/stylesheets/bootstrap.css
[2017-08-22 15:24:06.328] [WARN] logInfo - GET/stylesheets/bootstrap-theme.css
[2017-08-22 15:24:06.394] [WARN] logInfo - GET/stylesheets/style.css
[2017-08-22 15:24:06.395] [WARN] logInfo - GET/javascripts/jquery-3.2.1.js
[2017-08-22 15:24:06.396] [WARN] logInfo - GET/javascripts/bootstrap.js
[2017-08-22 15:24:06.797] [WARN] logInfo - GET/fonts/glyphicons-halflings-regular.woff2
[2017-08-22 15:24:06.933] [WARN] logInfo - GET/fonts/glyphicons-halflings-regular.woff
[2017-08-22 15:24:07.067] [WARN] logInfo - GET/fonts/glyphicons-halflings-regular.ttf
[2017-08-22 15:25:20.754] [WARN] logInfo - GET/
[2017-08-22 15:25:20.755] [WARN] logInfo - GET/stylesheets/bootstrap.css
[2017-08-22 15:25:20.756] [WARN] logInfo - GET/stylesheets/bootstrap-theme.css
[2017-08-22 15:25:20.757] [WARN] logInfo - GET/stylesheets/style.css
[2017-08-22 15:25:20.758] [WARN] logInfo - GET/javascripts/jquery-3.2.1.js
[2017-08-22 15:25:20.760] [WARN] logInfo - GET/javascripts/bootstrap.js
[2017-08-22 15:25:21.038] [WARN] logInfo - GET/fonts/glyphicons-halflings-regular.woff2
[2017-08-22 15:25:21.094] [WARN] logInfo - GET/fonts/glyphicons-halflings-regular.woff
[2017-08-22 15:25:21.131] [WARN] logInfo - GET/fonts/glyphicons-halflings-regular.ttf
[2017-08-22 15:25:50.580] [WARN] logInfo - GET/logout
[2017-08-22 15:25:50.878] [WARN] logInfo - GET/
[2017-08-22 15:25:50.988] [WARN] logInfo - GET/stylesheets/bootstrap.css
[2017-08-22 15:25:50.989] [WARN] logInfo - GET/stylesheets/bootstrap-theme.css
[2017-08-22 15:25:50.990] [WARN] logInfo - GET/stylesheets/style.css
[2017-08-22 15:25:51.058] [WARN] logInfo - GET/javascripts/jquery-3.2.1.js
[2017-08-22 15:25:51.066] [WARN] logInfo - GET/javascripts/bootstrap.js
